<?xml version="1.0" encoding="UTF-8"?>
<!-- Generated by org.testng.reporters.JUnitXMLReporter -->
<testsuite ignored="0" hostname="LAPTOP-DGIH40VK" failures="0" tests="3" name="Default test" time="0.553" errors="0" timestamp="2022-10-26T17:22:27 CEST">
  <testcase classname="excelDataProvider.dataProvide" name="testCaseData" time="0.005"/>
  <testcase classname="excelDataProvider.dataProvide" name="testCaseData" time="0.001"/>
  <testcase classname="excelDataProvider.dataProvide" name="testCaseData" time="0.001"/>
</testsuite> <!-- Default test -->
