<?xml version="1.0" encoding="UTF-8"?>
<!-- Generated by org.testng.reporters.JUnitXMLReporter -->
<testsuite ignored="0" hostname="LAPTOP-DGIH40VK" failures="1" tests="3" name="ErrorValidationTest" time="40.29" errors="0" timestamp="2022-09-30T16:07:17 CEST">
  <testcase classname="rahulshettyacademy.Test.ErrorValidations" name="ProductErrorValidation" time="1.808">
    <skipped/>
  </testcase> <!-- ProductErrorValidation -->
  <testcase classname="rahulshettyacademy.Test.ErrorValidations" name="ProductErrorValidation" time="0.763">
    <failure type="java.lang.NullPointerException" message="Cannot invoke &amp;quot;org.openqa.selenium.WebElement.findElement(org.openqa.selenium.By)&amp;quot; because &amp;quot;prod&amp;quot; is null">
      <![CDATA[java.lang.NullPointerException: Cannot invoke "org.openqa.selenium.WebElement.findElement(org.openqa.selenium.By)" because "prod" is null
at rahulshettyacademy.pageobjects.ProductCatalogue.addProdToCart(ProductCatalogue.java:47)
at rahulshettyacademy.Test.ErrorValidations.ProductErrorValidation(ErrorValidations.java:47)
at java.base/java.util.ArrayList.forEach(ArrayList.java:1511)
at java.base/java.util.concurrent.FutureTask.run(FutureTask.java:264)
at java.base/java.util.concurrent.ThreadPoolExecutor.runWorker(ThreadPoolExecutor.java:1136)
at java.base/java.util.concurrent.ThreadPoolExecutor$Worker.run(ThreadPoolExecutor.java:635)
at java.base/java.lang.Thread.run(Thread.java:833)
... Removed 18 stack frames]]>
    </failure>
  </testcase> <!-- ProductErrorValidation -->
  <testcase classname="rahulshettyacademy.Test.ErrorValidations" name="SubmitOrderError" time="1.06"/>
</testsuite> <!-- ErrorValidationTest -->
