<?xml version="1.0" encoding="UTF-8"?>
<!-- Generated by org.testng.reporters.JUnitXMLReporter -->
<testsuite ignored="0" hostname="LAPTOP-DGIH40VK" failures="0" tests="4" name="Test" time="0.04" errors="0" timestamp="2022-08-17T00:59:39 CEST">
  <testcase classname="rahulshettyacademy.Mavenjava.SelenuimTest" name="browserAutomation" time="0.007"/>
  <testcase classname="rahulshettyacademy.Mavenjava.SelenuimTest" name="elementsUI" time="0.001"/>
  <testcase classname="rahulshettyacademy.Mavenjava.RESTAPITest" name="deleteTwitter" time="0.001"/>
  <testcase classname="rahulshettyacademy.Mavenjava.RESTAPITest" name="postJira" time="0.001"/>
</testsuite> <!-- Test -->
