<?xml version="1.0" encoding="UTF-8"?>
<!-- Generated by org.testng.reporters.JUnitXMLReporter -->
<testsuite ignored="0" hostname="LAPTOP-DGIH40VK" failures="0" tests="9" name="Command line test" time="84.141" errors="0" timestamp="2022-10-03T14:49:39 CEST">
  <testcase classname="PracticeTest.AppiumTest" name="iosApps" time="0.004"/>
  <testcase classname="PracticeTest.AppiumTest" name="nativeAppAndriod" time="0.001"/>
  <testcase classname="PracticeTest.RESTAPITest" name="deleteTwitter" time="0.0"/>
  <testcase classname="PracticeTest.RESTAPITest" name="postJira" time="0.0"/>
  <testcase classname="PracticeTest.SelenuimTest" name="browserAutomation" time="0.0"/>
  <testcase classname="PracticeTest.SelenuimTest" name="elementsUI" time="0.0"/>
  <testcase classname="rahulshettyacademy.Test.SubmitOrderTest" name="SubmitOrder" time="14.867"/>
  <testcase classname="rahulshettyacademy.Test.SubmitOrderTest" name="SubmitOrder" time="15.0"/>
  <testcase classname="rahulshettyacademy.Test.SubmitOrderTest" name="OrderHistoryTest" time="0.61"/>
</testsuite> <!-- Command line test -->
