<?xml version="1.0" encoding="UTF-8"?>
<!-- Generated by org.testng.reporters.JUnitXMLReporter -->
<testsuite ignored="0" hostname="LAPTOP-DGIH40VK" failures="0" tests="2" name="ErrorValidationTest" time="59.29" errors="0" timestamp="2022-10-07T15:19:05 CEST">
  <testcase classname="rahulshettyacademy.Test.ErrorValidations" name="ProductErrorValidation" time="14.391"/>
  <testcase classname="rahulshettyacademy.Test.ErrorValidations" name="SubmitOrderError" time="1.014"/>
</testsuite> <!-- ErrorValidationTest -->
