<?xml version="1.0" encoding="UTF-8"?>
<testng-results ignored="0" total="1" passed="1" failed="0" skipped="0">
  <reporter-output>
  </reporter-output>
  <suite started-at="2022-10-13T11:51:33 CEST" name="Surefire suite" finished-at="2022-10-13T11:52:15 CEST" duration-ms="41514">
    <groups>
      <group name="cucumber">
        <method signature="AbstractTestNGCucumberTests.runScenario(io.cucumber.testng.PickleWrapper,io.cucumber.testng.FeatureWrapper)[pri:0, instance:Cucumber.TestNGRunners@27f981c6]" name="runScenario" class="io.cucumber.testng.AbstractTestNGCucumberTests"/>
      </group> <!-- cucumber -->
    </groups>
    <test started-at="2022-10-13T11:51:33 CEST" name="Surefire test" finished-at="2022-10-13T11:52:15 CEST" duration-ms="41514">
      <class name="Cucumber.TestNGRunners">
        <test-method is-config="true" signature="setUpClass(org.testng.ITestContext)[pri:0, instance:Cucumber.TestNGRunners@27f981c6]" started-at="2022-10-13T11:51:33 CEST" name="setUpClass" finished-at="2022-10-13T11:51:34 CEST" duration-ms="639" status="PASS">
          <params>
            <param index="0">
              <value>
                <![CDATA[org.testng.TestRunner@415d88de]]>
              </value>
            </param>
          </params>
          <reporter-output>
          </reporter-output>
        </test-method> <!-- setUpClass -->
        <test-method signature="runScenario(io.cucumber.testng.PickleWrapper,io.cucumber.testng.FeatureWrapper)[pri:0, instance:Cucumber.TestNGRunners@27f981c6]" started-at="2022-10-13T11:51:34 CEST" name="runScenario" description="Runs Cucumber Scenarios" data-provider="scenarios" finished-at="2022-10-13T11:52:14 CEST" duration-ms="40717" status="PASS">
          <params>
            <param index="0">
              <value>
                <![CDATA["Positive Test of Submitting the Order"]]>
              </value>
            </param>
            <param index="1">
              <value>
                <![CDATA["Purchase the Order from Ecommerce Website"]]>
              </value>
            </param>
          </params>
          <reporter-output>
          </reporter-output>
        </test-method> <!-- runScenario -->
        <test-method is-config="true" signature="tearDownClass()[pri:0, instance:Cucumber.TestNGRunners@27f981c6]" started-at="2022-10-13T11:52:14 CEST" name="tearDownClass" finished-at="2022-10-13T11:52:15 CEST" duration-ms="107" status="PASS">
          <reporter-output>
          </reporter-output>
        </test-method> <!-- tearDownClass -->
      </class> <!-- Cucumber.TestNGRunners -->
    </test> <!-- Surefire test -->
  </suite> <!-- Surefire suite -->
</testng-results>
