<?xml version="1.0" encoding="UTF-8"?>
<testng-results ignored="0" total="3" passed="3" failed="0" skipped="0">
  <reporter-output>
  </reporter-output>
  <suite started-at="2022-10-26T17:22:26 CEST" name="Default suite" finished-at="2022-10-26T17:22:27 CEST" duration-ms="553">
    <groups>
    </groups>
    <test started-at="2022-10-26T17:22:26 CEST" name="Default test" finished-at="2022-10-26T17:22:27 CEST" duration-ms="553">
      <class name="excelDataProvider.dataProvide">
        <test-method signature="testCaseData(java.lang.String,java.lang.String,java.lang.String)[pri:0, instance:excelDataProvider.dataProvide@1be2019a]" started-at="2022-10-26T17:22:27 CEST" name="testCaseData" data-provider="driverTest" finished-at="2022-10-26T17:22:27 CEST" duration-ms="5" status="PASS">
          <params>
            <param index="0">
              <value>
                <![CDATA[Hello]]>
              </value>
            </param>
            <param index="1">
              <value>
                <![CDATA[Saumya]]>
              </value>
            </param>
            <param index="2">
              <value>
                <![CDATA[1]]>
              </value>
            </param>
          </params>
          <reporter-output>
          </reporter-output>
        </test-method> <!-- testCaseData -->
        <test-method signature="testCaseData(java.lang.String,java.lang.String,java.lang.String)[pri:0, instance:excelDataProvider.dataProvide@1be2019a]" started-at="2022-10-26T17:22:27 CEST" name="testCaseData" data-provider="driverTest" finished-at="2022-10-26T17:22:27 CEST" duration-ms="1" status="PASS">
          <params>
            <param index="0">
              <value>
                <![CDATA[Bye]]>
              </value>
            </param>
            <param index="1">
              <value>
                <![CDATA[Debesh]]>
              </value>
            </param>
            <param index="2">
              <value>
                <![CDATA[420]]>
              </value>
            </param>
          </params>
          <reporter-output>
          </reporter-output>
        </test-method> <!-- testCaseData -->
        <test-method signature="testCaseData(java.lang.String,java.lang.String,java.lang.String)[pri:0, instance:excelDataProvider.dataProvide@1be2019a]" started-at="2022-10-26T17:22:27 CEST" name="testCaseData" data-provider="driverTest" finished-at="2022-10-26T17:22:27 CEST" duration-ms="1" status="PASS">
          <params>
            <param index="0">
              <value>
                <![CDATA[Namaste]]>
              </value>
            </param>
            <param index="1">
              <value>
                <![CDATA[India]]>
              </value>
            </param>
            <param index="2">
              <value>
                <![CDATA[143]]>
              </value>
            </param>
          </params>
          <reporter-output>
          </reporter-output>
        </test-method> <!-- testCaseData -->
      </class> <!-- excelDataProvider.dataProvide -->
    </test> <!-- Default test -->
  </suite> <!-- Default suite -->
</testng-results>
